[debug] [2019-10-20T22:38:30.099Z] ----------------------------------------------------------------------
[debug] [2019-10-20T22:38:30.102Z] Command:       C:\Program Files\nodejs\node.exe C:\Program Files\nodejs\node_modules\firebase-tools\lib\bin\firebase.js serve
[debug] [2019-10-20T22:38:30.102Z] CLI Version:   7.6.0
[debug] [2019-10-20T22:38:30.102Z] Platform:      win32
[debug] [2019-10-20T22:38:30.103Z] Node Version:  v10.16.3
[debug] [2019-10-20T22:38:30.103Z] Time:          Sun Oct 20 2019 19:38:30 GMT-0300 (GMT-03:00)
[debug] [2019-10-20T22:38:30.104Z] ----------------------------------------------------------------------
[debug] 
[debug] [2019-10-20T22:38:30.113Z] > command requires scopes: ["email","openid","https://www.googleapis.com/auth/cloudplatformprojects.readonly","https://www.googleapis.com/auth/firebase","https://www.googleapis.com/auth/cloud-platform"]
[debug] [2019-10-20T22:38:30.113Z] > authorizing via signed-in user
[debug] [2019-10-20T22:38:30.113Z] [iam] checking project smart-water-168ca for permissions ["firebase.projects.get"]
[debug] [2019-10-20T22:38:30.115Z] >>> HTTP REQUEST POST https://cloudresourcemanager.googleapis.com/v1/projects/smart-water-168ca:testIamPermissions  

[debug] [2019-10-20T22:38:32.991Z] <<< HTTP RESPONSE 200
[debug] [2019-10-20T22:38:32.996Z] >>> HTTP REQUEST GET https://firebase.googleapis.com/v1beta1/projects/smart-water-168ca  
 
[debug] [2019-10-20T22:38:33.532Z] <<< HTTP RESPONSE 200
[info] 
[info] === Serving from 'C:\water-client'...
[info] 
[debug] [2019-10-20T22:38:33.541Z] >>> HTTP REQUEST GET https://firebase.googleapis.com/v1beta1/projects/smart-water-168ca/webApps/-/config  
 
[debug] [2019-10-20T22:38:34.752Z] <<< HTTP RESPONSE 200
[info] i  hosting: Serving hosting files from: build
[info] +  hosting: Local server: http://localhost:5000
